
Thu Nov 22 2018 12:02:13 GMT+0530 (India Standard Time), Method: GET, URL: /
Thu Nov 22 2018 12:08:12 GMT+0530 (India Standard Time), Method: GET, URL: /
Thu Nov 22 2018 12:09:28 GMT+0530 (India Standard Time), Method: GET, URL: /
Thu Nov 22 2018 12:13:19 GMT+0530 (India Standard Time), Method: GET, URL: /
Thu Nov 22 2018 12:14:23 GMT+0530 (India Standard Time), Method: GET, URL: /
Thu Nov 22 2018 12:15:28 GMT+0530 (India Standard Time), Method: GET, URL: /
Thu Nov 22 2018 12:15:28 GMT+0530 (India Standard Time), Method: GET, URL: /stylesheets/main.css
Thu Nov 22 2018 12:15:43 GMT+0530 (India Standard Time), Method: GET, URL: /
Thu Nov 22 2018 12:17:12 GMT+0530 (India Standard Time), Method: GET, URL: /
Thu Nov 22 2018 12:19:16 GMT+0530 (India Standard Time), Method: GET, URL: /
Thu Nov 22 2018 12:19:21 GMT+0530 (India Standard Time), Method: GET, URL: /about
Thu Nov 22 2018 12:19:29 GMT+0530 (India Standard Time), Method: GET, URL: /contact
Thu Nov 22 2018 12:19:49 GMT+0530 (India Standard Time), Method: GET, URL: /contact
Thu Nov 22 2018 12:19:53 GMT+0530 (India Standard Time), Method: GET, URL: /about
Thu Nov 22 2018 12:23:50 GMT+0530 (India Standard Time), Method: GET, URL: /about
Thu Nov 22 2018 12:23:56 GMT+0530 (India Standard Time), Method: GET, URL: /
Thu Nov 22 2018 12:24:02 GMT+0530 (India Standard Time), Method: GET, URL: /contact
Thu Nov 22 2018 12:34:49 GMT+0530 (India Standard Time), Method: GET, URL: /contact
Thu Nov 22 2018 12:39:53 GMT+0530 (India Standard Time), Method: GET, URL: /contact
Thu Nov 22 2018 12:40:35 GMT+0530 (India Standard Time), Method: GET, URL: /contact
Thu Nov 22 2018 12:42:36 GMT+0530 (India Standard Time), Method: GET, URL: /contact
Thu Nov 22 2018 12:45:06 GMT+0530 (India Standard Time), Method: GET, URL: /contact
Thu Nov 22 2018 12:45:16 GMT+0530 (India Standard Time), Method: GET, URL: /contact
Thu Nov 22 2018 12:45:27 GMT+0530 (India Standard Time), Method: GET, URL: /contact
Thu Nov 22 2018 12:46:36 GMT+0530 (India Standard Time), Method: GET, URL: /contact
Thu Nov 22 2018 12:46:37 GMT+0530 (India Standard Time), Method: GET, URL: /contact
Thu Nov 22 2018 12:47:25 GMT+0530 (India Standard Time), Method: GET, URL: /contact
Thu Nov 22 2018 12:48:26 GMT+0530 (India Standard Time), Method: GET, URL: /contact
Thu Nov 22 2018 12:48:49 GMT+0530 (India Standard Time), Method: GET, URL: /contact
Thu Nov 22 2018 12:48:50 GMT+0530 (India Standard Time), Method: GET, URL: /contact
Thu Nov 22 2018 12:49:43 GMT+0530 (India Standard Time), Method: GET, URL: /contact
Thu Nov 22 2018 12:52:24 GMT+0530 (India Standard Time), Method: GET, URL: /contact
Thu Nov 22 2018 12:53:09 GMT+0530 (India Standard Time), Method: GET, URL: /contact
Thu Nov 22 2018 12:53:30 GMT+0530 (India Standard Time), Method: GET, URL: /contact
Thu Nov 22 2018 12:53:44 GMT+0530 (India Standard Time), Method: GET, URL: /contact
Thu Nov 22 2018 12:55:04 GMT+0530 (India Standard Time), Method: GET, URL: /contact
Thu Nov 22 2018 12:56:18 GMT+0530 (India Standard Time), Method: GET, URL: /contact
Thu Nov 22 2018 12:56:28 GMT+0530 (India Standard Time), Method: GET, URL: /contact
Thu Nov 22 2018 12:56:39 GMT+0530 (India Standard Time), Method: GET, URL: /contact
Thu Nov 22 2018 12:56:40 GMT+0530 (India Standard Time), Method: GET, URL: /contact
Thu Nov 22 2018 12:57:00 GMT+0530 (India Standard Time), Method: GET, URL: /contact
Thu Nov 22 2018 12:57:02 GMT+0530 (India Standard Time), Method: GET, URL: /contact
Thu Nov 22 2018 12:57:08 GMT+0530 (India Standard Time), Method: GET, URL: /contact
Thu Nov 22 2018 12:57:09 GMT+0530 (India Standard Time), Method: GET, URL: /contact
Thu Nov 22 2018 12:57:10 GMT+0530 (India Standard Time), Method: GET, URL: /contact
Thu Nov 22 2018 12:57:10 GMT+0530 (India Standard Time), Method: GET, URL: /contact
Thu Nov 22 2018 12:57:10 GMT+0530 (India Standard Time), Method: GET, URL: /contact
Thu Nov 22 2018 12:57:11 GMT+0530 (India Standard Time), Method: GET, URL: /contact
Thu Nov 22 2018 12:57:11 GMT+0530 (India Standard Time), Method: GET, URL: /contact
Thu Nov 22 2018 12:57:11 GMT+0530 (India Standard Time), Method: GET, URL: /contact
Thu Nov 22 2018 12:57:11 GMT+0530 (India Standard Time), Method: GET, URL: /contact
Thu Nov 22 2018 12:57:11 GMT+0530 (India Standard Time), Method: GET, URL: /contact
Thu Nov 22 2018 12:57:11 GMT+0530 (India Standard Time), Method: GET, URL: /contact
Thu Nov 22 2018 12:57:20 GMT+0530 (India Standard Time), Method: GET, URL: /
Thu Nov 22 2018 12:57:32 GMT+0530 (India Standard Time), Method: GET, URL: /
Thu Nov 22 2018 12:57:44 GMT+0530 (India Standard Time), Method: GET, URL: /
Thu Nov 22 2018 12:58:53 GMT+0530 (India Standard Time), Method: GET, URL: /
Thu Nov 22 2018 12:59:04 GMT+0530 (India Standard Time), Method: GET, URL: /
Thu Nov 22 2018 12:59:57 GMT+0530 (India Standard Time), Method: GET, URL: /
Thu Nov 22 2018 13:00:09 GMT+0530 (India Standard Time), Method: GET, URL: /
Thu Nov 22 2018 13:00:56 GMT+0530 (India Standard Time), Method: GET, URL: /
Thu Nov 22 2018 13:01:09 GMT+0530 (India Standard Time), Method: GET, URL: /
Thu Nov 22 2018 13:01:14 GMT+0530 (India Standard Time), Method: GET, URL: /
Thu Nov 22 2018 13:01:41 GMT+0530 (India Standard Time), Method: GET, URL: /
Thu Nov 22 2018 13:01:48 GMT+0530 (India Standard Time), Method: GET, URL: /
Thu Nov 22 2018 13:02:01 GMT+0530 (India Standard Time), Method: GET, URL: /
Thu Nov 22 2018 13:03:17 GMT+0530 (India Standard Time), Method: GET, URL: /
Thu Nov 22 2018 13:03:18 GMT+0530 (India Standard Time), Method: GET, URL: /
Thu Nov 22 2018 13:03:19 GMT+0530 (India Standard Time), Method: GET, URL: /
Thu Nov 22 2018 13:03:19 GMT+0530 (India Standard Time), Method: GET, URL: /
Thu Nov 22 2018 13:03:19 GMT+0530 (India Standard Time), Method: GET, URL: /
Thu Nov 22 2018 13:03:19 GMT+0530 (India Standard Time), Method: GET, URL: /
Thu Nov 22 2018 13:03:19 GMT+0530 (India Standard Time), Method: GET, URL: /
Thu Nov 22 2018 13:03:20 GMT+0530 (India Standard Time), Method: GET, URL: /
Thu Nov 22 2018 13:03:20 GMT+0530 (India Standard Time), Method: GET, URL: /
Thu Nov 22 2018 13:03:20 GMT+0530 (India Standard Time), Method: GET, URL: /
Thu Nov 22 2018 13:03:49 GMT+0530 (India Standard Time), Method: GET, URL: /
Thu Nov 22 2018 13:04:00 GMT+0530 (India Standard Time), Method: GET, URL: /
Thu Nov 22 2018 13:05:02 GMT+0530 (India Standard Time), Method: GET, URL: /
Thu Nov 22 2018 13:05:03 GMT+0530 (India Standard Time), Method: GET, URL: /
Thu Nov 22 2018 13:05:20 GMT+0530 (India Standard Time), Method: GET, URL: /
Thu Nov 22 2018 13:05:29 GMT+0530 (India Standard Time), Method: GET, URL: /contact
Thu Nov 22 2018 13:06:19 GMT+0530 (India Standard Time), Method: GET, URL: /contact
Thu Nov 22 2018 13:06:21 GMT+0530 (India Standard Time), Method: GET, URL: /contact
Thu Nov 22 2018 13:06:24 GMT+0530 (India Standard Time), Method: GET, URL: /
Thu Nov 22 2018 13:06:29 GMT+0530 (India Standard Time), Method: GET, URL: /about
Thu Nov 22 2018 13:06:44 GMT+0530 (India Standard Time), Method: GET, URL: /about
Thu Nov 22 2018 13:07:51 GMT+0530 (India Standard Time), Method: GET, URL: /about
Thu Nov 22 2018 13:07:53 GMT+0530 (India Standard Time), Method: GET, URL: /about
Thu Nov 22 2018 13:07:56 GMT+0530 (India Standard Time), Method: GET, URL: /contact
Thu Nov 22 2018 13:07:58 GMT+0530 (India Standard Time), Method: GET, URL: /
Thu Nov 22 2018 13:08:14 GMT+0530 (India Standard Time), Method: GET, URL: /about
Thu Nov 22 2018 13:08:15 GMT+0530 (India Standard Time), Method: GET, URL: /
Thu Nov 22 2018 13:09:24 GMT+0530 (India Standard Time), Method: GET, URL: /
Thu Nov 22 2018 13:09:26 GMT+0530 (India Standard Time), Method: GET, URL: /
Thu Nov 22 2018 13:09:30 GMT+0530 (India Standard Time), Method: GET, URL: /
Thu Nov 22 2018 13:14:15 GMT+0530 (India Standard Time), Method: GET, URL: /
Thu Nov 22 2018 13:14:22 GMT+0530 (India Standard Time), Method: GET, URL: /adhjahdjash
